<?xml version="1.0" encoding="UTF-8"?>
<testng-results ignored="0" total="1" passed="1" failed="0" skipped="0">
  <reporter-output>
  </reporter-output>
  <suite started-at="2024-06-09T19:30:25 IST" name="Default suite" finished-at="2024-06-09T19:30:37 IST" duration-ms="11416">
    <groups>
    </groups>
    <test started-at="2024-06-09T19:30:25 IST" name="Default test" finished-at="2024-06-09T19:30:37 IST" duration-ms="11416">
      <class name="TestCases.TC_01">
        <test-method is-config="true" signature="LaunchApplication()[pri:0, instance:TestCases.TC_01@4fb3ee4e]" started-at="2024-06-09T19:30:25 IST" name="LaunchApplication" finished-at="2024-06-09T19:30:32 IST" duration-ms="6981" status="PASS">
          <reporter-output>
          </reporter-output>
        </test-method> <!-- LaunchApplication -->
        <test-method signature="registation()[pri:0, instance:TestCases.TC_01@4fb3ee4e]" started-at="2024-06-09T19:30:32 IST" name="registation" finished-at="2024-06-09T19:30:37 IST" duration-ms="4400" status="PASS">
          <reporter-output>
          </reporter-output>
        </test-method> <!-- registation -->
      </class> <!-- TestCases.TC_01 -->
    </test> <!-- Default test -->
  </suite> <!-- Default suite -->
</testng-results>
